Determining if the pthread_create exist failed with the following output:
Change Dir: /home/ramona/Desktop/catkin_ws/build/CMakeFiles/CMakeTmp

Run Build Command:"/usr/bin/make" "cmTC_d72df/fast"
/usr/bin/make -f CMakeFiles/cmTC_d72df.dir/build.make CMakeFiles/cmTC_d72df.dir/build
make[1]: Entering directory '/home/ramona/Desktop/catkin_ws/build/CMakeFiles/CMakeTmp'
Building C object CMakeFiles/cmTC_d72df.dir/CheckSymbolExists.c.o
/usr/bin/cc     -o CMakeFiles/cmTC_d72df.dir/CheckSymbolExists.c.o   -c /home/ramona/Desktop/catkin_ws/build/CMakeFiles/CMakeTmp/CheckSymbolExists.c
Linking C executable cmTC_d72df
/usr/bin/cmake -E cmake_link_script CMakeFiles/cmTC_d72df.dir/link.txt --verbose=1
/usr/bin/cc       CMakeFiles/cmTC_d72df.dir/CheckSymbolExists.c.o  -o cmTC_d72df -rdynamic 
CMakeFiles/cmTC_d72df.dir/CheckSymbolExists.c.o: In function `main':
CheckSymbolExists.c:(.text+0x16): undefined reference to `pthread_create'
collect2: error: ld returned 1 exit status
CMakeFiles/cmTC_d72df.dir/build.make:97: recipe for target 'cmTC_d72df' failed
make[1]: *** [cmTC_d72df] Error 1
make[1]: Leaving directory '/home/ramona/Desktop/catkin_ws/build/CMakeFiles/CMakeTmp'
Makefile:126: recipe for target 'cmTC_d72df/fast' failed
make: *** [cmTC_d72df/fast] Error 2

File /home/ramona/Desktop/catkin_ws/build/CMakeFiles/CMakeTmp/CheckSymbolExists.c:
/* */
#include <pthread.h>

int main(int argc, char** argv)
{
  (void)argv;
#ifndef pthread_create
  return ((int*)(&pthread_create))[argc];
#else
  (void)argc;
  return 0;
#endif
}

Determining if the function pthread_create exists in the pthreads failed with the following output:
Change Dir: /home/ramona/Desktop/catkin_ws/build/CMakeFiles/CMakeTmp

Run Build Command:"/usr/bin/make" "cmTC_3fe2b/fast"
/usr/bin/make -f CMakeFiles/cmTC_3fe2b.dir/build.make CMakeFiles/cmTC_3fe2b.dir/build
make[1]: Entering directory '/home/ramona/Desktop/catkin_ws/build/CMakeFiles/CMakeTmp'
Building C object CMakeFiles/cmTC_3fe2b.dir/CheckFunctionExists.c.o
/usr/bin/cc    -DCHECK_FUNCTION_EXISTS=pthread_create   -o CMakeFiles/cmTC_3fe2b.dir/CheckFunctionExists.c.o   -c /usr/share/cmake-3.5/Modules/CheckFunctionExists.c
Linking C executable cmTC_3fe2b
/usr/bin/cmake -E cmake_link_script CMakeFiles/cmTC_3fe2b.dir/link.txt --verbose=1
/usr/bin/cc   -DCHECK_FUNCTION_EXISTS=pthread_create    CMakeFiles/cmTC_3fe2b.dir/CheckFunctionExists.c.o  -o cmTC_3fe2b -rdynamic -lpthreads 
/usr/bin/ld: cannot find -lpthreads
collect2: error: ld returned 1 exit status
CMakeFiles/cmTC_3fe2b.dir/build.make:97: recipe for target 'cmTC_3fe2b' failed
make[1]: *** [cmTC_3fe2b] Error 1
make[1]: Leaving directory '/home/ramona/Desktop/catkin_ws/build/CMakeFiles/CMakeTmp'
Makefile:126: recipe for target 'cmTC_3fe2b/fast' failed
make: *** [cmTC_3fe2b/fast] Error 2


